Design Assistant report for mips_single_cycle
Fri Nov 03 01:13:10 2017
Quartus Prime Version 15.1.1 Build 189 12/02/2015 SJ Lite Edition


---------------------
; Table of Contents ;
---------------------
  1. Legal Notice
  2. Design Assistant Summary
  3. Design Assistant Settings
  4. Information only Violations
  5. Design Assistant Messages



----------------
; Legal Notice ;
----------------
Copyright (C) 1991-2015 Altera Corporation. All rights reserved.
Your use of Altera Corporation's design tools, logic functions 
and other software and tools, and its AMPP partner logic 
functions, and any output files from any of the foregoing 
(including device programming or simulation files), and any 
associated documentation or information are expressly subject 
to the terms and conditions of the Altera Program License 
Subscription Agreement, the Altera Quartus Prime License Agreement,
the Altera MegaCore Function License Agreement, or other 
applicable license agreement, including, without limitation, 
that your use is for the sole purpose of programming logic 
devices manufactured by Altera and sold by Altera or its 
authorized distributors.  Please refer to the applicable 
agreement for further details.



+-------------------------------------------------------------------------+
; Design Assistant Summary                                                ;
+-----------------------------------+-------------------------------------+
; Design Assistant Status           ; Analyzed - Fri Nov 03 01:13:10 2017 ;
; Revision Name                     ; mips_single_cycle                   ;
; Top-level Entity Name             ; PCupdate                            ;
; Family                            ; Cyclone IV E                        ;
; Total Critical Violations         ; 0                                   ;
; Total High Violations             ; 0                                   ;
; Total Medium Violations           ; 0                                   ;
; Total Information only Violations ; 51                                  ;
; - Rule T101                       ; 1                                   ;
; - Rule T102                       ; 50                                  ;
+-----------------------------------+-------------------------------------+


+------------------------------------------------------------------------------------------------------------------------------------------------------------------------------------------+
; Design Assistant Settings                                                                                                                                                                ;
+----------------------------------------------------------------------------------------------------------------------------------------------------------------------+--------------+----+
; Option                                                                                                                                                               ; Setting      ; To ;
+----------------------------------------------------------------------------------------------------------------------------------------------------------------------+--------------+----+
; Design Assistant mode                                                                                                                                                ; Post-Fitting ;    ;
; Threshold value for clock net not mapped to clock spines rule                                                                                                        ; 25           ;    ;
; Minimum number of clock port feed by gated clocks                                                                                                                    ; 30           ;    ;
; Minimum number of node fan-out                                                                                                                                       ; 30           ;    ;
; Maximum number of nodes to report                                                                                                                                    ; 50           ;    ;
; Rule C101: Gated clock should be implemented according to the Altera standard scheme                                                                                 ; On           ;    ;
; Rule C102: Logic cell should not be used to generate an inverted clock signal                                                                                        ; On           ;    ;
; Rule C103: Gated clock does not feed at least a pre-defined number of clock ports to effectively save power                                                          ; On           ;    ;
; Rule C104: Clock signal source should drive only clock input ports                                                                                                   ; On           ;    ;
; Rule C105: Clock signal should be a global signal                                                                                                                    ; On           ;    ;
; Rule C106: Clock signal source should not drive registers triggered by different clock edges                                                                         ; On           ;    ;
; Rule R101: Combinational logic used as a reset signal should be synchronized                                                                                         ; On           ;    ;
; Rule R102: External reset signals should be synchronized using two cascaded registers                                                                                ; On           ;    ;
; Rule R103: External reset signal should be correctly synchronized                                                                                                    ; On           ;    ;
; Rule R104: The reset signal that is generated in one clock domain and used in another clock domain should be correctly synchronized                                  ; On           ;    ;
; Rule R105: The reset signal that is generated in one clock domain and used in another clock domain should be synchronized                                            ; On           ;    ;
; Rule T101: Nodes with more than the specified number of fan-outs                                                                                                     ; On           ;    ;
; Rule T102: Top nodes with the highest number of fan-outs                                                                                                             ; On           ;    ;
; Rule A101: Design should not contain combinational loops                                                                                                             ; On           ;    ;
; Rule A102: Register output should not drive its own control signal directly or through combinational logic                                                           ; On           ;    ;
; Rule A103: Design should not contain delay chains                                                                                                                    ; On           ;    ;
; Rule A104: Design should not contain ripple clock structures                                                                                                         ; On           ;    ;
; Rule A105: Pulses should not be implemented asynchronously                                                                                                           ; On           ;    ;
; Rule A106: Multiple pulses should not be generated in design                                                                                                         ; On           ;    ;
; Rule A107: Design should not contain SR latches                                                                                                                      ; On           ;    ;
; Rule A108: Design should not contain latches                                                                                                                         ; On           ;    ;
; Rule S101: Output enable and input of the same tri-state node should not be driven by same signal source                                                             ; On           ;    ;
; Rule S102: Synchronous port and asynchronous port of the same register should not be driven by the same signal source                                                ; On           ;    ;
; Rule S103: More than one asynchronous port of a register should not be driven by the same signal source                                                              ; On           ;    ;
; Rule S104: Clock port and any other port of a register should not be driven by the same signal source                                                                ; On           ;    ;
; Rule D101: Data bits are not synchronized when transferred between asynchronous clock domains                                                                        ; On           ;    ;
; Rule D102: Multiple data bits that are transferred across asynchronous clock domains are synchronized, but not all bits may be aligned in the receiving clock domain ; On           ;    ;
; Rule D103: Data bits are not correctly synchronized when transferred between asynchronous clock domains                                                              ; On           ;    ;
; Rule M101: Data bits are not synchronized when transferred to the state machine of asynchronous clock domains                                                        ; Off          ;    ;
; Rule M102: No reset signal defined to initialize the state machine                                                                                                   ; Off          ;    ;
; Rule M103: State machine should not contain an unreachable state                                                                                                     ; Off          ;    ;
; Rule M104: State machine should not contain a deadlock state                                                                                                         ; Off          ;    ;
; Rule M105: State machine should not contain a dead transition                                                                                                        ; Off          ;    ;
+----------------------------------------------------------------------------------------------------------------------------------------------------------------------+--------------+----+


+-----------------------------------------------------------------------------------------------+
; Information only Violations                                                                   ;
+------------------------------------------------------------------+------------------+---------+
; Rule name                                                        ; Name             ; Fan-Out ;
+------------------------------------------------------------------+------------------+---------+
; Rule T101: Nodes with more than the specified number of fan-outs ; clk~inputclkctrl ; 32      ;
; Rule T102: Top nodes with the highest number of fan-outs         ; clk~inputclkctrl ; 32      ;
; Rule T102: Top nodes with the highest number of fan-outs         ; Add1~16          ; 27      ;
; Rule T102: Top nodes with the highest number of fan-outs         ; Add1~12          ; 27      ;
; Rule T102: Top nodes with the highest number of fan-outs         ; s_pc[2]          ; 3       ;
; Rule T102: Top nodes with the highest number of fan-outs         ; s_pc[6]          ; 3       ;
; Rule T102: Top nodes with the highest number of fan-outs         ; s_pc[16]         ; 3       ;
; Rule T102: Top nodes with the highest number of fan-outs         ; s_pc[7]          ; 3       ;
; Rule T102: Top nodes with the highest number of fan-outs         ; s_pc[10]         ; 3       ;
; Rule T102: Top nodes with the highest number of fan-outs         ; s_pc[4]          ; 3       ;
; Rule T102: Top nodes with the highest number of fan-outs         ; s_pc[5]          ; 3       ;
; Rule T102: Top nodes with the highest number of fan-outs         ; s_pc[3]          ; 3       ;
; Rule T102: Top nodes with the highest number of fan-outs         ; s_pc[11]         ; 3       ;
; Rule T102: Top nodes with the highest number of fan-outs         ; s_pc[9]          ; 3       ;
; Rule T102: Top nodes with the highest number of fan-outs         ; s_pc[12]         ; 3       ;
; Rule T102: Top nodes with the highest number of fan-outs         ; s_pc[14]         ; 3       ;
; Rule T102: Top nodes with the highest number of fan-outs         ; s_pc[18]         ; 3       ;
; Rule T102: Top nodes with the highest number of fan-outs         ; s_pc[8]          ; 3       ;
; Rule T102: Top nodes with the highest number of fan-outs         ; s_pc[17]         ; 3       ;
; Rule T102: Top nodes with the highest number of fan-outs         ; s_pc[13]         ; 3       ;
; Rule T102: Top nodes with the highest number of fan-outs         ; s_pc[15]         ; 3       ;
; Rule T102: Top nodes with the highest number of fan-outs         ; s_pc[19]         ; 3       ;
; Rule T102: Top nodes with the highest number of fan-outs         ; s_pc[20]         ; 3       ;
; Rule T102: Top nodes with the highest number of fan-outs         ; s_pc[21]         ; 3       ;
; Rule T102: Top nodes with the highest number of fan-outs         ; s_pc[22]         ; 3       ;
; Rule T102: Top nodes with the highest number of fan-outs         ; s_pc[23]         ; 3       ;
; Rule T102: Top nodes with the highest number of fan-outs         ; s_pc[24]         ; 3       ;
; Rule T102: Top nodes with the highest number of fan-outs         ; s_pc[25]         ; 3       ;
; Rule T102: Top nodes with the highest number of fan-outs         ; s_pc[26]         ; 3       ;
; Rule T102: Top nodes with the highest number of fan-outs         ; s_pc[27]         ; 3       ;
; Rule T102: Top nodes with the highest number of fan-outs         ; s_pc[28]         ; 3       ;
; Rule T102: Top nodes with the highest number of fan-outs         ; s_pc[29]         ; 3       ;
; Rule T102: Top nodes with the highest number of fan-outs         ; s_pc[30]         ; 3       ;
; Rule T102: Top nodes with the highest number of fan-outs         ; s_pc[31]         ; 3       ;
; Rule T102: Top nodes with the highest number of fan-outs         ; Add2~22          ; 2       ;
; Rule T102: Top nodes with the highest number of fan-outs         ; s_pc[0]~1        ; 2       ;
; Rule T102: Top nodes with the highest number of fan-outs         ; Add2~10          ; 2       ;
; Rule T102: Top nodes with the highest number of fan-outs         ; Add2~12          ; 2       ;
; Rule T102: Top nodes with the highest number of fan-outs         ; Add2~4           ; 2       ;
; Rule T102: Top nodes with the highest number of fan-outs         ; Add2~20          ; 2       ;
; Rule T102: Top nodes with the highest number of fan-outs         ; s_pc[0]          ; 2       ;
; Rule T102: Top nodes with the highest number of fan-outs         ; Add2~16          ; 2       ;
; Rule T102: Top nodes with the highest number of fan-outs         ; Add2~34          ; 2       ;
; Rule T102: Top nodes with the highest number of fan-outs         ; Add2~26          ; 2       ;
; Rule T102: Top nodes with the highest number of fan-outs         ; Add2~36          ; 2       ;
; Rule T102: Top nodes with the highest number of fan-outs         ; Add2~0           ; 2       ;
; Rule T102: Top nodes with the highest number of fan-outs         ; Add2~38          ; 2       ;
; Rule T102: Top nodes with the highest number of fan-outs         ; Add2~8           ; 2       ;
; Rule T102: Top nodes with the highest number of fan-outs         ; Add2~40          ; 2       ;
; Rule T102: Top nodes with the highest number of fan-outs         ; Add2~28          ; 2       ;
; Rule T102: Top nodes with the highest number of fan-outs         ; Add2~42          ; 2       ;
+------------------------------------------------------------------+------------------+---------+


+---------------------------+
; Design Assistant Messages ;
+---------------------------+
Info: *******************************************************************
Info: Running Quartus Prime Design Assistant
    Info: Version 15.1.1 Build 189 12/02/2015 SJ Lite Edition
    Info: Processing started: Fri Nov 03 01:13:08 2017
Info: Command: quartus_drc --read_settings_files=off --write_settings_files=off mips_single_cycle -c mips_single_cycle
Info (332104): Reading SDC File: 'mips_single_cycle.sdc'
Warning (332174): Ignored filter at mips_single_cycle.sdc(3): clock_50 could not be matched with a port File: C:/Users/Pedro/Documents/UA/AC1/AC1/G8/mips_single_cycle.sdc Line: 3
Warning (332049): Ignored create_clock at mips_single_cycle.sdc(3): Argument <targets> is an empty collection File: C:/Users/Pedro/Documents/UA/AC1/AC1/G8/mips_single_cycle.sdc Line: 3
    Info (332050): create_clock -name clock_50 -period 100.000 [get_ports clock_50] File: C:/Users/Pedro/Documents/UA/AC1/AC1/G8/mips_single_cycle.sdc Line: 3
Info (332151): Clock uncertainty is not calculated until you update the timing netlist.
Warning (332174): Ignored filter at mips_single_cycle.sdc(6): key[*] could not be matched with a port File: C:/Users/Pedro/Documents/UA/AC1/AC1/G8/mips_single_cycle.sdc Line: 6
Warning (332174): Ignored filter at mips_single_cycle.sdc(6): sw[*] could not be matched with a port File: C:/Users/Pedro/Documents/UA/AC1/AC1/G8/mips_single_cycle.sdc Line: 6
Warning (332174): Ignored filter at mips_single_cycle.sdc(6): clock_50 could not be matched with a clock File: C:/Users/Pedro/Documents/UA/AC1/AC1/G8/mips_single_cycle.sdc Line: 6
Warning (332049): Ignored set_false_path at mips_single_cycle.sdc(6): Argument <from> is an empty collection File: C:/Users/Pedro/Documents/UA/AC1/AC1/G8/mips_single_cycle.sdc Line: 6
    Info (332050): set_false_path -from [get_ports {key[*] sw[*]}] -to [get_clocks clock_50] File: C:/Users/Pedro/Documents/UA/AC1/AC1/G8/mips_single_cycle.sdc Line: 6
Warning (332049): Ignored set_false_path at mips_single_cycle.sdc(6): Argument <to> is an empty collection File: C:/Users/Pedro/Documents/UA/AC1/AC1/G8/mips_single_cycle.sdc Line: 6
Warning (332174): Ignored filter at mips_single_cycle.sdc(7): hex*[*] could not be matched with a port File: C:/Users/Pedro/Documents/UA/AC1/AC1/G8/mips_single_cycle.sdc Line: 7
Warning (332174): Ignored filter at mips_single_cycle.sdc(7): led*[*] could not be matched with a port File: C:/Users/Pedro/Documents/UA/AC1/AC1/G8/mips_single_cycle.sdc Line: 7
Warning (332049): Ignored set_false_path at mips_single_cycle.sdc(7): Argument <from> is an empty collection File: C:/Users/Pedro/Documents/UA/AC1/AC1/G8/mips_single_cycle.sdc Line: 7
    Info (332050): set_false_path -from [get_clocks clock_50] -to [get_ports {led*[*] hex*[*]}] File: C:/Users/Pedro/Documents/UA/AC1/AC1/G8/mips_single_cycle.sdc Line: 7
Warning (332049): Ignored set_false_path at mips_single_cycle.sdc(7): Argument <to> is an empty collection File: C:/Users/Pedro/Documents/UA/AC1/AC1/G8/mips_single_cycle.sdc Line: 7
Info (332144): No user constrained base clocks found in the design
Info (332123): Deriving Clock Uncertainty. Please refer to report_sdc in TimeQuest to see clock uncertainties.
Info (308046): (Information) Rule T101: Nodes with more than the specified number of fan-outs. (Value defined:30). Found 1 node(s) with highest fan-out.
    Info (308011): Node  "clk~inputclkctrl" File: C:/Users/Pedro/Documents/UA/AC1/AC1/G8/PCupdate.vhd Line: 13
Info (308044): (Information) Rule T102: Top nodes with the highest number of fan-outs. (Value defined:50). Found 50 node(s) with highest fan-out.
    Info (308011): Node  "clk~inputclkctrl" File: C:/Users/Pedro/Documents/UA/AC1/AC1/G8/PCupdate.vhd Line: 13
    Info (308011): Node  "Add1~16" File: C:/Users/Pedro/Documents/UA/AC1/AC1/G8/PCupdate.vhd Line: 41
    Info (308011): Node  "Add1~12" File: C:/Users/Pedro/Documents/UA/AC1/AC1/G8/PCupdate.vhd Line: 41
    Info (308011): Node  "s_pc[2]" File: C:/Users/Pedro/Documents/UA/AC1/AC1/G8/PCupdate.vhd Line: 29
    Info (308011): Node  "s_pc[6]" File: C:/Users/Pedro/Documents/UA/AC1/AC1/G8/PCupdate.vhd Line: 29
    Info (308011): Node  "s_pc[16]" File: C:/Users/Pedro/Documents/UA/AC1/AC1/G8/PCupdate.vhd Line: 29
    Info (308011): Node  "s_pc[7]" File: C:/Users/Pedro/Documents/UA/AC1/AC1/G8/PCupdate.vhd Line: 29
    Info (308011): Node  "s_pc[10]" File: C:/Users/Pedro/Documents/UA/AC1/AC1/G8/PCupdate.vhd Line: 29
    Info (308011): Node  "s_pc[4]" File: C:/Users/Pedro/Documents/UA/AC1/AC1/G8/PCupdate.vhd Line: 29
    Info (308011): Node  "s_pc[5]" File: C:/Users/Pedro/Documents/UA/AC1/AC1/G8/PCupdate.vhd Line: 29
    Info (308011): Node  "s_pc[3]" File: C:/Users/Pedro/Documents/UA/AC1/AC1/G8/PCupdate.vhd Line: 29
    Info (308011): Node  "s_pc[11]" File: C:/Users/Pedro/Documents/UA/AC1/AC1/G8/PCupdate.vhd Line: 29
    Info (308011): Node  "s_pc[9]" File: C:/Users/Pedro/Documents/UA/AC1/AC1/G8/PCupdate.vhd Line: 29
    Info (308011): Node  "s_pc[12]" File: C:/Users/Pedro/Documents/UA/AC1/AC1/G8/PCupdate.vhd Line: 29
    Info (308011): Node  "s_pc[14]" File: C:/Users/Pedro/Documents/UA/AC1/AC1/G8/PCupdate.vhd Line: 29
    Info (308011): Node  "s_pc[18]" File: C:/Users/Pedro/Documents/UA/AC1/AC1/G8/PCupdate.vhd Line: 29
    Info (308011): Node  "s_pc[8]" File: C:/Users/Pedro/Documents/UA/AC1/AC1/G8/PCupdate.vhd Line: 29
    Info (308011): Node  "s_pc[17]" File: C:/Users/Pedro/Documents/UA/AC1/AC1/G8/PCupdate.vhd Line: 29
    Info (308011): Node  "s_pc[13]" File: C:/Users/Pedro/Documents/UA/AC1/AC1/G8/PCupdate.vhd Line: 29
    Info (308011): Node  "s_pc[15]" File: C:/Users/Pedro/Documents/UA/AC1/AC1/G8/PCupdate.vhd Line: 29
    Info (308011): Node  "s_pc[19]" File: C:/Users/Pedro/Documents/UA/AC1/AC1/G8/PCupdate.vhd Line: 29
    Info (308011): Node  "s_pc[20]" File: C:/Users/Pedro/Documents/UA/AC1/AC1/G8/PCupdate.vhd Line: 29
    Info (308011): Node  "s_pc[21]" File: C:/Users/Pedro/Documents/UA/AC1/AC1/G8/PCupdate.vhd Line: 29
    Info (308011): Node  "s_pc[22]" File: C:/Users/Pedro/Documents/UA/AC1/AC1/G8/PCupdate.vhd Line: 29
    Info (308011): Node  "s_pc[23]" File: C:/Users/Pedro/Documents/UA/AC1/AC1/G8/PCupdate.vhd Line: 29
    Info (308011): Node  "s_pc[24]" File: C:/Users/Pedro/Documents/UA/AC1/AC1/G8/PCupdate.vhd Line: 29
    Info (308011): Node  "s_pc[25]" File: C:/Users/Pedro/Documents/UA/AC1/AC1/G8/PCupdate.vhd Line: 29
    Info (308011): Node  "s_pc[26]" File: C:/Users/Pedro/Documents/UA/AC1/AC1/G8/PCupdate.vhd Line: 29
    Info (308011): Node  "s_pc[27]" File: C:/Users/Pedro/Documents/UA/AC1/AC1/G8/PCupdate.vhd Line: 29
    Info (308011): Node  "s_pc[28]" File: C:/Users/Pedro/Documents/UA/AC1/AC1/G8/PCupdate.vhd Line: 29
    Info (308002): Truncated list of Design Assistant messages to 30 messages. Go to sections under Design Assistant section of Compilation Report for complete lists of Design Assistant messages generated.
Info (308007): Design Assistant information: finished post-fitting analysis of current design -- generated 51 information messages and 0 warning messages
Info: Quartus Prime Design Assistant was successful. 0 errors, 11 warnings
    Info: Peak virtual memory: 771 megabytes
    Info: Processing ended: Fri Nov 03 01:13:10 2017
    Info: Elapsed time: 00:00:02
    Info: Total CPU time (on all processors): 00:00:02


